Arguments: 
  /home/professorcodegeek/.nvm/versions/node/v16.13.1/bin/node /home/professorcodegeek/.nvm/versions/node/v16.13.1/bin/yarn add framer-motion

PATH: 
  /home/professorcodegeek/.vscode-server/bin/6261075646f055b99068d3688932416f2346dd3b/bin/remote-cli:/home/professorcodegeek/.local/share/solana/install/active_release/bin:/home/professorcodegeek/.cargo/bin:/home/professorcodegeek/.nvm/versions/node/v16.13.1/bin:/usr/local/sbin:/usr/local/bin:/usr/sbin:/usr/bin:/sbin:/bin:/usr/games:/usr/local/games:/usr/lib/wsl/lib:/mnt/c/Python310/Scripts/:/mnt/c/Python310/:/mnt/c/Program Files/Common Files/Oracle/Java/javapath:/mnt/c/Python39/Scripts/:/mnt/c/Python39/:/mnt/c/WINDOWS/system32:/mnt/c/WINDOWS:/mnt/c/WINDOWS/System32/Wbem:/mnt/c/WINDOWS/System32/WindowsPowerShell/v1.0/:/mnt/c/WINDOWS/System32/OpenSSH/:/mnt/c/Program Files/Calibre2/:/mnt/c/ProgramData/chocolatey/bin:/mnt/c/Program Files/Java/jdk-16.0.2/bin:/mnt/c/Program Files/nodejs/:/mnt/c/Program Files/Git/cmd:/mnt/c/Program Files/Git/mingw64/bin:/mnt/c/Program Files/Git/usr/bin:/mnt/c/Program Files/Docker/Docker/resources/bin:/mnt/c/ProgramData/DockerDesktop/version-bin:/mnt/c/Program Files/PowerShell/7-preview/preview:/mnt/c/Program Files/PowerShell/7/:/mnt/c/Users/professorCodeGeek/.cargo/bin:/mnt/c/Users/professorCodeGeek/AppData/Local/Microsoft/WindowsApps:/mnt/c/Users/professorCodeGeek/AppData/Local/Programs/Microsoft VS Code/bin:/mnt/c/Users/professorCodeGeek/AppData/Local/atom/bin:/mnt/c/Program Files/heroku/bin:/mnt/c/Users/professorCodeGeek/AppData/Roaming/npm:/snap/bin

Yarn version: 
  1.22.18

Node version: 
  16.13.1

Platform: 
  linux x64

Trace: 
  Error: https://registry.yarnpkg.com/@mui/icons-material/-/icons-material-5.10.14.tgz: ESOCKETTIMEDOUT
      at ClientRequest.<anonymous> (/home/professorcodegeek/.nvm/versions/node/v16.13.1/lib/node_modules/yarn/lib/cli.js:141510:19)
      at Object.onceWrapper (node:events:509:28)
      at ClientRequest.emit (node:events:390:28)
      at TLSSocket.emitRequestTimeout (node:_http_client:763:9)
      at Object.onceWrapper (node:events:509:28)
      at TLSSocket.emit (node:events:402:35)
      at TLSSocket.Socket._onTimeout (node:net:501:8)
      at listOnTimeout (node:internal/timers:557:17)
      at processTimers (node:internal/timers:500:7)

npm manifest: 
  {
  	"name": "victorkwasara",
  	"version": "1.0.0",
  	"private": true,
  	"description": "victorkwasara",
  	"keywords": [
  		"gatsby"
  	],
  	"scripts": {
  		"develop": "gatsby develop",
  		"start": "gatsby develop",
  		"build": "gatsby build",
  		"serve": "gatsby serve",
  		"clean": "gatsby clean"
  	},
  	"dependencies": {
  		"@emotion/react": "^11.7.1",
  		"@emotion/styled": "^11.6.0",
  		"@mdx-js/mdx": "^1.6.22",
  		"@mdx-js/react": "^1.6.22",
  		"@mui/icons-material": "^5.2.5",
  		"@mui/material": "^5.2.7",
  		"axios": "^0.24.0",
  		"gatsby": "^4.22.0",
  		"gatsby-plugin-image": "^2.4.0",
  		"gatsby-plugin-manifest": "^4.23.1",
  		"gatsby-plugin-mdx": "^3.4.0",
  		"gatsby-plugin-netlify-cms": "^6.4.0",
  		"gatsby-plugin-sharp": "^4.4.0",
  		"gatsby-remark-images": "^6.4.0",
  		"gatsby-remark-relative-images-v2": "^0.1.5",
  		"gatsby-source-filesystem": "^4.4.0",
  		"gatsby-theme-material-ui": "^5.1.0",
  		"gatsby-transformer-remark": "^5.4.0",
  		"gatsby-transformer-sharp": "^4.4.0",
  		"netlify-cms-app": "^2.15.63",
  		"react": "^17.0.1",
  		"react-dom": "^17.0.1"
  	}
  }

yarn manifest: 
  No manifest

Lockfile: 
  No lockfile
